69
60
44
43
47
53
88
93
86
50
89
95
60
73
43
90
46
72
78
78
47
51
100
91
20
73
10
68
53
97
82
17
72
77
63
86
75
90
80
50
47
67
13
82
62
88
96
87
89
84
97
79
19
48
3
15
76
46
54
33
73
31
44
100
71
100
44
88
59
94
91
43
35
57
81
78
87
35
40
67
60
95
93
71
83
56
53
94
86
86
67
99
32
46
19
51
90
93
72
96
98
77
49
94
79
95
40
77
91
93
77
91
48
38
43
97
7
54
80
79
79
72
69
42
54
30
70
65
11
95
88
89
9
77
99
38
68
87
59
68
10
63
47
20
76
90
39
89
91
87
96
86
56
19
98
21
19
87
96
68
96
60
80
68
76
56
66
53
75
94
47
7
52
57
79
79
52
98
76
74
27
82
67
100
93
74
96
5
96
81
41
50
63
96
36
98
67
78
53
35
77
98
96
44
91
84
96
61
71
93
78
30
50
74
81
87
60
62
44
65
69
53
47
32
75
90
60
35
88
78
87
66
47
88
55
88
12
99
94
92
72
28
2
64
62
96
91
86
39
68
53
100
87
32
68
95
69
97
92
72
61
70
37
96
91
94
50
32
71
24
79
63
21
60
60
85
63
24
84
56
71
99
96
95
53
46
61
48
79
89
53
13
97
95
50
52
85
84
32
45
16
51
55
74
59
58
81
94
71
66
65
72
88
70
77
57
61
95
94
39
32
92
62
71
99
63
45
82
90
64
72
68
38
100
94
90
90
59
72
26
67
60
44
96
56
90
74
97
84
21
79
29
68
92
80
34
47
89
86
96
49
66
57
16
60
64
80
75
100
88
100
59
48
93
39
78
91
37
62
52
80
94
94
71
88
93
22
91
100
32
93
83
51
93
45
81
96
82
36
57
80
60
98
92
93
85
25
87
71
94
100
87
54
60
66
84
73
40
89
99
37
87
92
98
14
98
67
89
59
100
74
35
83
94
77
68
39
41
88
81
77
71
73
91
71
34
50
95
41
38
41
58
50
99
95
49
84
84
80
90
63
52
96
59
82
36
54
61
63
47
35
57
42
97
21
87
39
79
73
79
66
46
55
80
55
54
97
84
78
91
81
95
88
92
62
91
68
91
50
7
42
58
26
76
81
87
87
62
52
95
38
72
75
82
73
92
100
95
49
84
99
58
99
82
97
45
70
75
70
86
81
98
98
55
55
100
56
96
95
22
29
99
50
34
70
30
69
76
98
11
48
88
70
98
75
88
98
43
63
75
31
86
63
100
47
100
81
90
60
68
45
42
73
16
15
37
44
87
35
91
88
36
86
62
83
95
12
75
36
58
99
74
99
89
98
88
7
84
92
99
59
37
88
82
61
99
15
70
53
73
44
87
24
77
80
35
20
29
39
68
51
84
93
99
99
93
93
26
30
93
86
29
46
97
97
30
90
77
61
91
92
83
96
51
26
15
68
60
97
80
66
40
73
52
37
62
68
93
33
91
43
48
64
74
18
54
47
53
46
66
78
85
94
90
66
80
31
87
93
79
91
29
61
99
21
75
96
85
58
88
61
97
94
96
39
100
59
62
74
51
88
74
94
52
44
45
46
57
86
60
72
41
12
95
74
24
82
37
49
34
100
99
90
63
50
74
14
45
98
87
74
62
53
90
20
95
84
35
98
59
76
84
33
96
86
49
50
95
93
95
52
86
91
69
21
98
96
48
67
85
63
17
70
43
94
76
90
97
82
91
71
58
91
25
85
98
45
39
87
96
41
60
76
59
100
58
43
80
49
71
94
68
82
11
57
35
81
55
47
51
90
44
57
80
97
71
64
95
46
32
57
36
34
48
39
58
93
84
60
66
46
35
100
94
98
56
17
79
94
85
44
70
55
92
100
88
50
54
68
86
80
14
49
60
55
43
87
89
16
58
50
50
84
44
72
53
94
60
49
83
69
71
11
82
21
71
99
65
81
98
87
82
88
88
81
58
56
64
99
88
87
31
86
95
84
82
69
84
60
70
94
98
78
54
63
91
46
71
53
86
47
70
82
58
91
86
68
63
55
90
65
93
75
46
34
97
88
98
65
72
77
36
77
27
96
45
94
32
95
85
100
8
54
26
59
55
31
46
92
98
58
57
99
45
77
95
97
98
37
100
92
72
99
24
59
96
82
77
30
32
89
82
88
55
55
66
55
27
19
92
68
76
33
78
59
22
78
28
70
47
87
72
99
40
97
27
44
97
43
62
100
35
59
53
100
70
64
35
82
64
