3369
6342
3944
9722
7205
8830
9704
9393
7224
8250
9321
7595
3460
9573
9021
5290
7546
7672
7978
8453
9447
5051
6346
9279
6920
8473
9910
5868
9353
8997
9013
7614
2472
1477
7663
2786
7075
8890
5480
9350
9047
8738
1713
9032
3562
8588
4064
9720
5334
7484
2297
4779
2019
6816
2003
9815
7776
8846
4229
9201
7573
4428
6044
6038
4771
6900
9344
8322
4819
4581
9938
9543
2535
9857
3911
9978
6187
9424
8617
5767
7246
6010
5693
8471
9837
702
8348
6028
4581
3186
4357
1399
7832
5713
8519
9226
8090
6606
8572
5615
932
