3760
2294
7945
4414
3733
4028
6528
5839
4110
2993
1837
7602
8483
5782
4474
5099
7176
4847
5029
6799
4350
7557
8797
5924
5464
3297
8436
6525
5256
6459
8995
1048
7834
2960
6047
5937
4720
3802
7520
2182
5003
9066
3619
8933
5441
8062
6823
9191
5726
2557
8055
6903
5515
2119
4771
3432
5098
5140
7840
3860
1573
6038
2430
4598
4709
7344
3982
5829
8097
9872
3009
4673
6042
3380
6907
8710
5687
8692
5196
2976
2169
7084
5002
2793
6175
3948
2131
5849
3139
5189
1322
8001
3881
2458
2313
6513
5457
3973
4795
2225
