3944
9722
9704
9393
7330
9321
7595
9573
8453
9447
6346
6920
8331
9428
9353
9013
7614
7663
7075
7159
9350
9720
5334
4779
8741
9201
7214
6900
9344
8526
7870
9978
6187
9424
5767
7246
6010
7987
8572
7132
9865
5921
8093
2939
9648
5469
6154
8630
9670
8995
9742
8515
5911
7910
3908
7639
8415
8955
8872
9119
8598
9111
7580
9775
9038
6198
6528
9527
5876
5312
5241
9818
7998
9653
7135
9674
9596
9896
9522
8784
6696
7354
6827
8296
9587
7640
8813
5664
8847
5982
6772
8607
9647
8255
6499
9355
9002
4864
9368
8847
