369
346
760
319
347
729
537
284
749
565
321
371
460
628
43
636
493
490
899
453
404
182
403
268
486
473
485
868
353
565
282
654
472
477
557
613
320
401
411
350
329
738
713
501
642
722
294
761
489
522
297
345
699
533
402
444
776
846
444
244
203
831
227
559
461
913
344
499
229
939
407
682
510
857
615
724
720
424
617
464
246
395
790
471
521
556
536
521
549
498
687
399
709
846
625
226
434
606
923
615
385
532
373
460
758
750
351
826
396
793
417
561
620
423
737
544
407
543
726
279
623
872
479
240
459
609
633
865
371
995
478
515
409
551
531
644
254
687
514
480
429
161
318
472
746
911
639
415
864
389
672
872
443
311
808
325
419
581
796
468
857
882
572
436
778
426
466
514
237
481
547
407
852
253
448
605
307
198
441
479
515
403
667
499
993
217
517
505
623
408
414
779
375
368
509
708
277
578
175
303
734
596
371
522
340
655
505
461
307
593
687
393
575
578
469
763
860
243
640
734
611
798
364
561
575
982
522
935
825
607
837
635
549
489
917
286
490
606
594
492
118
417
601
864
506
270
394
609
819
446
622
248
987
189
219
320
389
238
799
755
461
468
406
389
370
823
167
526
608
562
179
63
387
660
246
290
414
223
584
156
779
299
476
395
375
539
670
570
379
541
367
413
533
422
450
452
653
633
557
435
729
451
407
474
231
658
494
695
708
843
562
524
255
238
601
497
929
423
720
492
713
361
762
231
265
463
245
471
551
222
495
655
204
587
399
635
348
875
666
323
620
560
944
920
484
890
340
597
478
322
279
402
206
492
358
371
676
466
471
499
830
566
157
810
448
848
527
492
758
488
626
789
233
536
302
176
591
37
415
623
418
706
694
540
298
478
522
491
400
313
428
383
320
423
380
221
239
434
432
292
280
657
450
292
524
285
497
687
671
572
698
487
565
923
356
436
211
769
612
520
267
287
477
398
414
270
763
382
459
403
274
384
383
578
737
667
131
241
435
81
534
457
273
212
739
634
511
684
541
519
341
558
575
578
343
481
435
858
315
523
407
706
810
632
865
813
310
433
393
247
452
478
142
458
621
487
418
679
237
779
732
554
151
758
955
485
197
523
660
665
611
466
866
292
358
291
841
116
430
211
250
448
211
225
81
387
222
531
321
270
734
294
441
679
414
707
800
778
449
528
455
708
119
709
435
544
460
959
963
486
681
898
452
655
455
256
556
434
695
216
912
399
705
434
712
399
509
376
515
311
813
679
443
252
713
786
800
79
855
496
531
657
434
457
247
290
604
267
427
430
605
342
290
294
297
213
821
499
635
739
428
631
286
470
448
482
412
442
313
158
399
449
199
889
315
435
207
584
814
441
518
324
401
754
261
412
334
397
242
515
544
287
624
677
250
448
520
823
239
829
851
784
835
543
646
428
404
761
428
493
586
929
310
297
219
323
512
368
593
791
436
348
710
571
490
452
559
518
868
223
66
542
653
349
513
402
368
395
533
763
383
329
224
428
418
843
317
318
106
561
278
785
629
690
322
680
731
481
332
495
821
436
451
763
546
514
342
403
158
667
368
797
366
251
339
972
510
510
919
645
334
376
489
431
831
145
349
957
970
437
606
328
636
419
631
541
511
522
527
434
468
599
690
288
564
774
368
453
515
622
589
511
153
641
520
349
450
883
458
706
776
554
433
396
243
414
592
718
454
459
397
308
516
472
739
582
96
537
535
342
643
137
532
270
529
275
852
497
331
777
251
380
566
325
785
294
345
553
987
603
276
893
446
442
372
873
143
677
449
764
483
304
483
259
856
373
554
655
839
490
990
494
452
521
438
471
420
464
446
232
409
724
331
383
716
408
341
584
733
443
620
672
735
707
368
256
617
946
94
592
314
333
429
985
604
413
348
667
668
186
782
449
522
460
556
297
387
689
308
395
529
907
163
293
672
828
715
324
316
283
452
971
611
286
21
431
653
323
781
347
623
589
154
244
763
545
383
402
699
788
413
614
457
685
473
552
419
345
548
970
482
665
578
548
715
316
336
468
953
465
647
217
482
571
150
586
735
428
315
506
365
280
387
418
592
997
341
277
601
572
228
813
215
427
768
345
894
604
595
285
522
298
354
576
703
528
516
588
892
499
386
214
476
345
658
552
370
933
528
1000
641
872
999
424
459
528
382
523
453
374
689
672
430
548
531
536
601
327
212
541
151
709
384
583
462
590
655
809
770
582
636
363
393
540
551
504
271
497
643
662
580
288
359
270
341
354
293
636
582
330
